uikit/build/outputs/logs/manifest-merger-debug-report.txt
-- Merging decision tree log ---
manifest
ADDED from zxyNeteaseIM\uikit\AndroidManifest.xml:1:1-168:12
INJECTED from zxyNeteaseIM\uikit\AndroidManifest.xml:1:1-168:12
INJECTED from zxyNeteaseIM\uikit\AndroidManifest.xml:1:1-168:12
INJECTED from zxyNeteaseIM\uikit\AndroidManifest.xml:1:1-168:12
INJECTED from zxyNeteaseIM\uikit\AndroidManifest.xml:1:1-168:12
INJECTED from zxyNeteaseIM\uikit\AndroidManifest.xml:1:1-168:12
INJECTED from zxyNeteaseIM\uikit\AndroidManifest.xml:1:1-168:12
	package
		ADDED from zxyNeteaseIM\uikit\AndroidManifest.xml:2:5-36
		INJECTED from zxyNeteaseIM\uikit\AndroidManifest.xml
		INJECTED from zxyNeteaseIM\uikit\AndroidManifest.xml
	android:versionName
		INJECTED from zxyNeteaseIM\uikit\AndroidManifest.xml
		ADDED from zxyNeteaseIM\uikit\AndroidManifest.xml:1:1-168:12
		INJECTED from zxyNeteaseIM\uikit\AndroidManifest.xml
	android:versionCode
		INJECTED from zxyNeteaseIM\uikit\AndroidManifest.xml
		ADDED from zxyNeteaseIM\uikit\AndroidManifest.xml:1:1-168:12
		INJECTED from zxyNeteaseIM\uikit\AndroidManifest.xml
	xmlns:android
		ADDED from zxyNeteaseIM\uikit\AndroidManifest.xml:1:11-69
application
ADDED from zxyNeteaseIM\uikit\AndroidManifest.xml:5:5-167:19
meta-data#com.netease.nim.uikit.support.glide.NIMGlideModule
ADDED from zxyNeteaseIM\uikit\AndroidManifest.xml:6:9-8:43
	android:value
		ADDED from zxyNeteaseIM\uikit\AndroidManifest.xml:8:13-40
	android:name
		ADDED from zxyNeteaseIM\uikit\AndroidManifest.xml:7:13-78
meta-data#DATABASE
ADDED from zxyNeteaseIM\uikit\AndroidManifest.xml:10:9-12:49
	android:value
		ADDED from zxyNeteaseIM\uikit\AndroidManifest.xml:12:13-46
	android:name
		ADDED from zxyNeteaseIM\uikit\AndroidManifest.xml:11:13-36
meta-data#VERSION
ADDED from zxyNeteaseIM\uikit\AndroidManifest.xml:13:9-15:33
	android:value
		ADDED from zxyNeteaseIM\uikit\AndroidManifest.xml:15:13-30
	android:name
		ADDED from zxyNeteaseIM\uikit\AndroidManifest.xml:14:13-35
meta-data#QUERY_LOG
ADDED from zxyNeteaseIM\uikit\AndroidManifest.xml:16:9-18:36
	android:value
		ADDED from zxyNeteaseIM\uikit\AndroidManifest.xml:18:13-33
	android:name
		ADDED from zxyNeteaseIM\uikit\AndroidManifest.xml:17:13-37
meta-data#DOMAIN_PACKAGE_NAME
ADDED from zxyNeteaseIM\uikit\AndroidManifest.xml:19:9-21:59
	android:value
		ADDED from zxyNeteaseIM\uikit\AndroidManifest.xml:21:13-56
	android:name
		ADDED from zxyNeteaseIM\uikit\AndroidManifest.xml:20:13-47
activity#com.netease.nim.uikit.business.session.activity.P2PMessageActivity
ADDED from zxyNeteaseIM\uikit\AndroidManifest.xml:25:9-30:70
	android:screenOrientation
		ADDED from zxyNeteaseIM\uikit\AndroidManifest.xml:28:13-49
	android:windowSoftInputMode
		ADDED from zxyNeteaseIM\uikit\AndroidManifest.xml:30:13-67
	android:configChanges
		ADDED from zxyNeteaseIM\uikit\AndroidManifest.xml:27:13-63
	android:theme
		ADDED from zxyNeteaseIM\uikit\AndroidManifest.xml:29:13-56
	android:name
		ADDED from zxyNeteaseIM\uikit\AndroidManifest.xml:26:13-94
activity#com.netease.nim.uikit.business.session.activity.TeamMessageActivity
ADDED from zxyNeteaseIM\uikit\AndroidManifest.xml:31:9-36:70
	android:screenOrientation
		ADDED from zxyNeteaseIM\uikit\AndroidManifest.xml:34:13-49
	android:windowSoftInputMode
		ADDED from zxyNeteaseIM\uikit\AndroidManifest.xml:36:13-67
	android:configChanges
		ADDED from zxyNeteaseIM\uikit\AndroidManifest.xml:33:13-63
	android:theme
		ADDED from zxyNeteaseIM\uikit\AndroidManifest.xml:35:13-56
	android:name
		ADDED from zxyNeteaseIM\uikit\AndroidManifest.xml:32:13-95
activity#com.netease.nim.uikit.business.team.activity.NormalTeamInfoActivity
ADDED from zxyNeteaseIM\uikit\AndroidManifest.xml:39:9-44:70
	android:screenOrientation
		ADDED from zxyNeteaseIM\uikit\AndroidManifest.xml:42:13-49
	android:windowSoftInputMode
		ADDED from zxyNeteaseIM\uikit\AndroidManifest.xml:44:13-67
	android:configChanges
		ADDED from zxyNeteaseIM\uikit\AndroidManifest.xml:41:13-63
	android:theme
		ADDED from zxyNeteaseIM\uikit\AndroidManifest.xml:43:13-56
	android:name
		ADDED from zxyNeteaseIM\uikit\AndroidManifest.xml:40:13-95
activity#com.netease.nim.uikit.business.team.activity.AdvancedTeamInfoActivity
ADDED from zxyNeteaseIM\uikit\AndroidManifest.xml:45:9-50:70
	android:screenOrientation
		ADDED from zxyNeteaseIM\uikit\AndroidManifest.xml:48:13-49
	android:windowSoftInputMode
		ADDED from zxyNeteaseIM\uikit\AndroidManifest.xml:50:13-67
	android:configChanges
		ADDED from zxyNeteaseIM\uikit\AndroidManifest.xml:47:13-63
	android:theme
		ADDED from zxyNeteaseIM\uikit\AndroidManifest.xml:49:13-56
	android:name
		ADDED from zxyNeteaseIM\uikit\AndroidManifest.xml:46:13-97
activity#com.netease.nim.uikit.business.team.activity.AdvancedTeamMemberActivity
ADDED from zxyNeteaseIM\uikit\AndroidManifest.xml:51:9-56:70
	android:screenOrientation
		ADDED from zxyNeteaseIM\uikit\AndroidManifest.xml:54:13-49
	android:windowSoftInputMode
		ADDED from zxyNeteaseIM\uikit\AndroidManifest.xml:56:13-67
	android:configChanges
		ADDED from zxyNeteaseIM\uikit\AndroidManifest.xml:53:13-63
	android:theme
		ADDED from zxyNeteaseIM\uikit\AndroidManifest.xml:55:13-56
	android:name
		ADDED from zxyNeteaseIM\uikit\AndroidManifest.xml:52:13-99
activity#com.netease.nim.uikit.business.team.activity.AdvancedTeamAnnounceActivity
ADDED from zxyNeteaseIM\uikit\AndroidManifest.xml:57:9-62:70
	android:screenOrientation
		ADDED from zxyNeteaseIM\uikit\AndroidManifest.xml:60:13-49
	android:windowSoftInputMode
		ADDED from zxyNeteaseIM\uikit\AndroidManifest.xml:62:13-67
	android:configChanges
		ADDED from zxyNeteaseIM\uikit\AndroidManifest.xml:59:13-63
	android:theme
		ADDED from zxyNeteaseIM\uikit\AndroidManifest.xml:61:13-56
	android:name
		ADDED from zxyNeteaseIM\uikit\AndroidManifest.xml:58:13-101
activity#com.netease.nim.uikit.business.team.activity.AdvancedTeamMemberInfoActivity
ADDED from zxyNeteaseIM\uikit\AndroidManifest.xml:63:9-68:70
	android:screenOrientation
		ADDED from zxyNeteaseIM\uikit\AndroidManifest.xml:66:13-49
	android:windowSoftInputMode
		ADDED from zxyNeteaseIM\uikit\AndroidManifest.xml:68:13-67
	android:configChanges
		ADDED from zxyNeteaseIM\uikit\AndroidManifest.xml:65:13-63
	android:theme
		ADDED from zxyNeteaseIM\uikit\AndroidManifest.xml:67:13-56
	android:name
		ADDED from zxyNeteaseIM\uikit\AndroidManifest.xml:64:13-103
activity#com.netease.nim.uikit.business.team.activity.AdvancedTeamNicknameActivity
ADDED from zxyNeteaseIM\uikit\AndroidManifest.xml:69:9-74:70
	android:screenOrientation
		ADDED from zxyNeteaseIM\uikit\AndroidManifest.xml:72:13-49
	android:windowSoftInputMode
		ADDED from zxyNeteaseIM\uikit\AndroidManifest.xml:74:13-67
	android:configChanges
		ADDED from zxyNeteaseIM\uikit\AndroidManifest.xml:71:13-63
	android:theme
		ADDED from zxyNeteaseIM\uikit\AndroidManifest.xml:73:13-56
	android:name
		ADDED from zxyNeteaseIM\uikit\AndroidManifest.xml:70:13-101
activity#com.netease.nim.uikit.business.team.activity.AdvancedTeamCreateAnnounceActivity
ADDED from zxyNeteaseIM\uikit\AndroidManifest.xml:75:9-80:70
	android:screenOrientation
		ADDED from zxyNeteaseIM\uikit\AndroidManifest.xml:78:13-49
	android:windowSoftInputMode
		ADDED from zxyNeteaseIM\uikit\AndroidManifest.xml:80:13-67
	android:configChanges
		ADDED from zxyNeteaseIM\uikit\AndroidManifest.xml:77:13-63
	android:theme
		ADDED from zxyNeteaseIM\uikit\AndroidManifest.xml:79:13-56
	android:name
		ADDED from zxyNeteaseIM\uikit\AndroidManifest.xml:76:13-107
activity#com.netease.nim.uikit.business.team.activity.TeamPropertySettingActivity
ADDED from zxyNeteaseIM\uikit\AndroidManifest.xml:81:9-86:70
	android:screenOrientation
		ADDED from zxyNeteaseIM\uikit\AndroidManifest.xml:84:13-49
	android:windowSoftInputMode
		ADDED from zxyNeteaseIM\uikit\AndroidManifest.xml:86:13-67
	android:configChanges
		ADDED from zxyNeteaseIM\uikit\AndroidManifest.xml:83:13-63
	android:theme
		ADDED from zxyNeteaseIM\uikit\AndroidManifest.xml:85:13-56
	android:name
		ADDED from zxyNeteaseIM\uikit\AndroidManifest.xml:82:13-100
activity#com.netease.nim.uikit.business.contact.selector.activity.ContactSelectActivity
ADDED from zxyNeteaseIM\uikit\AndroidManifest.xml:89:9-95:67
	android:screenOrientation
		ADDED from zxyNeteaseIM\uikit\AndroidManifest.xml:93:13-49
	android:label
		ADDED from zxyNeteaseIM\uikit\AndroidManifest.xml:92:13-53
	android:windowSoftInputMode
		ADDED from zxyNeteaseIM\uikit\AndroidManifest.xml:95:13-64
	android:configChanges
		ADDED from zxyNeteaseIM\uikit\AndroidManifest.xml:91:13-63
	android:theme
		ADDED from zxyNeteaseIM\uikit\AndroidManifest.xml:94:13-56
	android:name
		ADDED from zxyNeteaseIM\uikit\AndroidManifest.xml:90:13-106
activity#com.netease.nim.uikit.business.ait.selector.AitContactSelectorActivity
ADDED from zxyNeteaseIM\uikit\AndroidManifest.xml:98:9-101:59
	android:screenOrientation
		ADDED from zxyNeteaseIM\uikit\AndroidManifest.xml:100:13-49
	android:theme
		ADDED from zxyNeteaseIM\uikit\AndroidManifest.xml:101:13-56
	android:name
		ADDED from zxyNeteaseIM\uikit\AndroidManifest.xml:99:13-77
activity#com.netease.nim.uikit.common.media.picker.activity.PickImageActivity
ADDED from zxyNeteaseIM\uikit\AndroidManifest.xml:104:9-107:59
	android:screenOrientation
		ADDED from zxyNeteaseIM\uikit\AndroidManifest.xml:106:13-49
	android:theme
		ADDED from zxyNeteaseIM\uikit\AndroidManifest.xml:107:13-56
	android:name
		ADDED from zxyNeteaseIM\uikit\AndroidManifest.xml:105:13-96
activity#com.netease.nim.uikit.common.media.picker.activity.CropImageActivity
ADDED from zxyNeteaseIM\uikit\AndroidManifest.xml:108:9-111:59
	android:screenOrientation
		ADDED from zxyNeteaseIM\uikit\AndroidManifest.xml:110:13-49
	android:theme
		ADDED from zxyNeteaseIM\uikit\AndroidManifest.xml:111:13-56
	android:name
		ADDED from zxyNeteaseIM\uikit\AndroidManifest.xml:109:13-96
activity#com.netease.nim.uikit.common.media.picker.activity.PickerAlbumActivity
ADDED from zxyNeteaseIM\uikit\AndroidManifest.xml:112:9-115:59
	android:screenOrientation
		ADDED from zxyNeteaseIM\uikit\AndroidManifest.xml:114:13-49
	android:theme
		ADDED from zxyNeteaseIM\uikit\AndroidManifest.xml:115:13-56
	android:name
		ADDED from zxyNeteaseIM\uikit\AndroidManifest.xml:113:13-98
activity#com.netease.nim.uikit.common.media.picker.activity.PickerAlbumPreviewActivity
ADDED from zxyNeteaseIM\uikit\AndroidManifest.xml:116:9-119:59
	android:screenOrientation
		ADDED from zxyNeteaseIM\uikit\AndroidManifest.xml:118:13-49
	android:theme
		ADDED from zxyNeteaseIM\uikit\AndroidManifest.xml:119:13-56
	android:name
		ADDED from zxyNeteaseIM\uikit\AndroidManifest.xml:117:13-105
activity#com.netease.nim.uikit.common.media.picker.activity.PreviewImageFromLocalActivity
ADDED from zxyNeteaseIM\uikit\AndroidManifest.xml:120:9-125:70
	android:screenOrientation
		ADDED from zxyNeteaseIM\uikit\AndroidManifest.xml:123:13-49
	android:windowSoftInputMode
		ADDED from zxyNeteaseIM\uikit\AndroidManifest.xml:125:13-67
	android:configChanges
		ADDED from zxyNeteaseIM\uikit\AndroidManifest.xml:122:13-63
	android:theme
		ADDED from zxyNeteaseIM\uikit\AndroidManifest.xml:124:13-56
	android:name
		ADDED from zxyNeteaseIM\uikit\AndroidManifest.xml:121:13-108
activity#com.netease.nim.uikit.common.media.picker.activity.PreviewImageFromCameraActivity
ADDED from zxyNeteaseIM\uikit\AndroidManifest.xml:126:9-132:70
	android:screenOrientation
		ADDED from zxyNeteaseIM\uikit\AndroidManifest.xml:130:13-49
	android:label
		ADDED from zxyNeteaseIM\uikit\AndroidManifest.xml:129:13-53
	android:windowSoftInputMode
		ADDED from zxyNeteaseIM\uikit\AndroidManifest.xml:132:13-67
	android:configChanges
		ADDED from zxyNeteaseIM\uikit\AndroidManifest.xml:128:13-63
	android:theme
		ADDED from zxyNeteaseIM\uikit\AndroidManifest.xml:131:13-56
	android:name
		ADDED from zxyNeteaseIM\uikit\AndroidManifest.xml:127:13-109
activity#com.netease.nim.uikit.business.session.activity.CaptureVideoActivity
ADDED from zxyNeteaseIM\uikit\AndroidManifest.xml:135:9-140:70
	android:screenOrientation
		ADDED from zxyNeteaseIM\uikit\AndroidManifest.xml:138:13-49
	android:windowSoftInputMode
		ADDED from zxyNeteaseIM\uikit\AndroidManifest.xml:140:13-67
	android:configChanges
		ADDED from zxyNeteaseIM\uikit\AndroidManifest.xml:137:13-63
	android:theme
		ADDED from zxyNeteaseIM\uikit\AndroidManifest.xml:139:13-56
	android:name
		ADDED from zxyNeteaseIM\uikit\AndroidManifest.xml:136:13-96
activity#com.netease.nim.uikit.business.session.activity.WatchVideoActivity
ADDED from zxyNeteaseIM\uikit\AndroidManifest.xml:142:9-146:48
	android:label
		ADDED from zxyNeteaseIM\uikit\AndroidManifest.xml:145:13-47
	android:configChanges
		ADDED from zxyNeteaseIM\uikit\AndroidManifest.xml:144:13-74
	android:theme
		ADDED from zxyNeteaseIM\uikit\AndroidManifest.xml:146:13-45
	android:name
		ADDED from zxyNeteaseIM\uikit\AndroidManifest.xml:143:13-94
activity#com.netease.nim.uikit.business.session.activity.WatchMessagePictureActivity
ADDED from zxyNeteaseIM\uikit\AndroidManifest.xml:149:9-152:48
	android:configChanges
		ADDED from zxyNeteaseIM\uikit\AndroidManifest.xml:151:13-51
	android:theme
		ADDED from zxyNeteaseIM\uikit\AndroidManifest.xml:152:13-45
	android:name
		ADDED from zxyNeteaseIM\uikit\AndroidManifest.xml:150:13-103
activity#com.netease.nim.uikit.business.session.activity.WatchPicAndVideoMenuActivity
ADDED from zxyNeteaseIM\uikit\AndroidManifest.xml:154:9-157:48
	android:configChanges
		ADDED from zxyNeteaseIM\uikit\AndroidManifest.xml:156:13-51
	android:theme
		ADDED from zxyNeteaseIM\uikit\AndroidManifest.xml:157:13-45
	android:name
		ADDED from zxyNeteaseIM\uikit\AndroidManifest.xml:155:13-83
uses-sdk
INJECTED from zxyNeteaseIM\uikit\AndroidManifest.xml reason: use-sdk injection requested
INJECTED from zxyNeteaseIM\uikit\AndroidManifest.xml
INJECTED from zxyNeteaseIM\uikit\AndroidManifest.xml
INJECTED from zxyNeteaseIM\uikit\AndroidManifest.xml
INJECTED from zxyNeteaseIM\uikit\AndroidManifest.xml
	android:targetSdkVersion
		INJECTED from zxyNeteaseIM\uikit\AndroidManifest.xml
		ADDED from zxyNeteaseIM\uikit\AndroidManifest.xml
		INJECTED from zxyNeteaseIM\uikit\AndroidManifest.xml
	android:minSdkVersion
		INJECTED from zxyNeteaseIM\uikit\AndroidManifest.xml
		ADDED from zxyNeteaseIM\uikit\AndroidManifest.xml
		INJECTED from zxyNeteaseIM\uikit\AndroidManifest.xml